<?xml version="1.0" encoding="UTF-8"?>
<testng-results skipped="0" failed="0" total="1" passed="1">
  <reporter-output>
    <line>
      <![CDATA[TestCase Started]]>
    </line>
    <line>
      <![CDATA[Launched browser with URL http://usab-testing.weboapps.com/]]>
    </line>
    <line>
      <![CDATA[Window maximized]]>
    </line>
    <line>
      <![CDATA[Clicked on By.linkText: PROCEED]]>
    </line>
    <line>
      <![CDATA[Setting text "Atul" on By.id: firstName]]>
    </line>
    <line>
      <![CDATA[Setting text "Kumar" on By.id: lastName]]>
    </line>
    <line>
      <![CDATA[Setting text "atul3847@gmail.com" on By.id: user_email]]>
    </line>
    <line>
      <![CDATA[Setting text "password1234" on By.id: user_password]]>
    </line>
    <line>
      <![CDATA[Clicked on By.name: commit]]>
    </line>
    <line>
      <![CDATA[Clicked on By.xpath: //label[contains(.,"Male")]]]>
    </line>
    <line>
      <![CDATA[Clicked on By.id: birthDatePicker]]>
    </line>
    <line>
      <![CDATA[Clicked on By.linkText: 2]]>
    </line>
    <line>
      <![CDATA[Clicked on By.id: address]]>
    </line>
    <line>
      <![CDATA[Setting text "B1-504, Montvert Pristine, Aundh Road, Pune, 411020." on By.id: address]]>
    </line>
    <line>
      <![CDATA[Setting text "41020" on By.id: postal_code]]>
    </line>
    <line>
      <![CDATA[Setting text "9890546018" on By.id: mobile_number]]>
    </line>
    <line>
      <![CDATA[Setting text "25806068" on By.id: phone_number]]>
    </line>
    <line>
      <![CDATA[Clicked on By.name: commit]]>
    </line>
    <line>
      <![CDATA[Clicked on By.id: organization_chosen]]>
    </line>
    <line>
      <![CDATA[Clicked on By.xpath: //label[@for="plan_id_1"]]]>
    </line>
    <line>
      <![CDATA[Clicked on By.name: commit]]>
    </line>
    <line>
      <![CDATA[Clicked on By.linkText: Credit Card]]>
    </line>
    <line>
      <![CDATA[Take screenshot]]>
    </line>
    <line>
      <![CDATA[Setting text "4111111111111111" on By.id: order_card_number]]>
    </line>
    <line>
      <![CDATA[Setting text "123" on By.id: order_cvv]]>
    </line>
    <line>
      <![CDATA[Clicked on By.name: commit]]>
    </line>
    <line>
      <![CDATA[TestCase completed]]>
    </line>
  </reporter-output>
  <suite name="Suite" duration-ms="84232" started-at="2016-05-03T09:12:04Z" finished-at="2016-05-03T09:13:29Z">
    <groups>
    </groups>
    <test name="Test" duration-ms="84232" started-at="2016-05-03T09:12:04Z" finished-at="2016-05-03T09:13:29Z">
      <class name="UsaBasketballAutomation">
        <test-method status="PASS" signature="testStart()[pri:0, instance:UsaBasketballAutomation@3ea4e3ae]" name="testStart" is-config="true" duration-ms="2462" started-at="2016-05-03T14:42:04Z" finished-at="2016-05-03T14:42:07Z">
          <reporter-output>
            <line>
              <![CDATA[TestCase Started]]>
            </line>
          </reporter-output>
        </test-method> <!-- testStart -->
        <test-method status="PASS" signature="usabsignup(java.lang.Integer, java.lang.Boolean)[pri:0, instance:UsaBasketballAutomation@3ea4e3ae]" name="usabsignup" duration-ms="78683" started-at="2016-05-03T14:42:07Z" data-provider="xml" finished-at="2016-05-03T14:43:25Z">
          <params>
            <param index="0">
              <value>
                <![CDATA[0]]>
              </value>
            </param>
            <param index="1">
              <value>
                <![CDATA[true]]>
              </value>
            </param>
          </params>
          <reporter-output>
            <line>
              <![CDATA[Launched browser with URL http://usab-testing.weboapps.com/]]>
            </line>
            <line>
              <![CDATA[Window maximized]]>
            </line>
            <line>
              <![CDATA[Clicked on By.linkText: PROCEED]]>
            </line>
            <line>
              <![CDATA[Setting text "Atul" on By.id: firstName]]>
            </line>
            <line>
              <![CDATA[Setting text "Kumar" on By.id: lastName]]>
            </line>
            <line>
              <![CDATA[Setting text "atul3847@gmail.com" on By.id: user_email]]>
            </line>
            <line>
              <![CDATA[Setting text "password1234" on By.id: user_password]]>
            </line>
            <line>
              <![CDATA[Clicked on By.name: commit]]>
            </line>
            <line>
              <![CDATA[Clicked on By.xpath: //label[contains(.,"Male")]]]>
            </line>
            <line>
              <![CDATA[Clicked on By.id: birthDatePicker]]>
            </line>
            <line>
              <![CDATA[Clicked on By.linkText: 2]]>
            </line>
            <line>
              <![CDATA[Clicked on By.id: address]]>
            </line>
            <line>
              <![CDATA[Setting text "B1-504, Montvert Pristine, Aundh Road, Pune, 411020." on By.id: address]]>
            </line>
            <line>
              <![CDATA[Setting text "41020" on By.id: postal_code]]>
            </line>
            <line>
              <![CDATA[Setting text "9890546018" on By.id: mobile_number]]>
            </line>
            <line>
              <![CDATA[Setting text "25806068" on By.id: phone_number]]>
            </line>
            <line>
              <![CDATA[Clicked on By.name: commit]]>
            </line>
            <line>
              <![CDATA[Clicked on By.id: organization_chosen]]>
            </line>
            <line>
              <![CDATA[Clicked on By.xpath: //label[@for="plan_id_1"]]]>
            </line>
            <line>
              <![CDATA[Clicked on By.name: commit]]>
            </line>
            <line>
              <![CDATA[Clicked on By.linkText: Credit Card]]>
            </line>
            <line>
              <![CDATA[Take screenshot]]>
            </line>
            <line>
              <![CDATA[Setting text "4111111111111111" on By.id: order_card_number]]>
            </line>
            <line>
              <![CDATA[Setting text "123" on By.id: order_cvv]]>
            </line>
            <line>
              <![CDATA[Clicked on By.name: commit]]>
            </line>
          </reporter-output>
        </test-method> <!-- usabsignup -->
        <test-method status="PASS" signature="TearDown()[pri:0, instance:UsaBasketballAutomation@3ea4e3ae]" name="TearDown" is-config="true" duration-ms="25" started-at="2016-05-03T14:43:25Z" finished-at="2016-05-03T14:43:26Z">
          <reporter-output>
          </reporter-output>
        </test-method> <!-- TearDown -->
        <test-method status="PASS" signature="testEnd()[pri:0, instance:UsaBasketballAutomation@3ea4e3ae]" name="testEnd" is-config="true" duration-ms="3042" started-at="2016-05-03T14:43:26Z" finished-at="2016-05-03T14:43:29Z">
          <reporter-output>
            <line>
              <![CDATA[TestCase completed]]>
            </line>
          </reporter-output>
        </test-method> <!-- testEnd -->
      </class> <!-- UsaBasketballAutomation -->
    </test> <!-- Test -->
  </suite> <!-- Suite -->
</testng-results>
